# JRE version: Java(TM) SE Runtime Environment (15.0.1+9) (build 15.0.1+9-18)
# Java VM: Java HotSpot(TM) 64-Bit Server VM (15.0.1+9-18, mixed mode, sharing, tiered, compressed oops, g1 gc, windows-amd64)
GC Precious Log:
 CPUs: 4 total, 4 available
 Memory: 15274M
 Large Page Support: Disabled
 NUMA Support: Disabled
 Compressed Oops: Enabled (32-bit)
 Heap Region Size: 1M
 Heap Min Capacity: 8M
 Heap Initial Capacity: 240M
 Heap Max Capacity: 2G
 Pre-touch: Disabled
 Parallel Workers: 4
 Concurrent Workers: 1
 Concurrent Refinement Workers: 4
 Periodic GC: Disabled
Heap:
 garbage-first heap   total 362496K, used 214970K [0x0000000080000000, 0x0000000100000000)
  region size 1024K, 19 young (19456K), 2 survivors (2048K)
 Metaspace       used 96553K, capacity 97899K, committed 98048K, reserved 1134592K
  class space    used 12362K, capacity 12718K, committed 12800K, reserved 1048576K
GC Heap History (20 events):
Event: 169.636 GC heap before
{Heap before GC invocations=62 (full 0):
 garbage-first heap   total 196608K, used 147153K [0x0000000080000000, 0x0000000100000000)
  region size 1024K, 40 young (40960K), 4 survivors (4096K)
 Metaspace       used 87220K, capacity 88498K, committed 88576K, reserved 1126400K
  class space    used 11122K, capacity 11474K, committed 11520K, reserved 1048576K
}
Event: 169.649 GC heap after
{Heap after GC invocations=63 (full 0):
 garbage-first heap   total 196608K, used 112701K [0x0000000080000000, 0x0000000100000000)
  region size 1024K, 4 young (4096K), 4 survivors (4096K)
 Metaspace       used 87220K, capacity 88498K, committed 88576K, reserved 1126400K
  class space    used 11122K, capacity 11474K, committed 11520K, reserved 1048576K
}
Event: 170.106 GC heap before
{Heap before GC invocations=63 (full 0):
 garbage-first heap   total 196608K, used 116797K [0x0000000080000000, 0x0000000100000000)
  region size 1024K, 9 young (9216K), 4 survivors (4096K)
 Metaspace       used 87249K, capacity 88498K, committed 88576K, reserved 1126400K
  class space    used 11124K, capacity 11474K, committed 11520K, reserved 1048576K
}
Event: 170.147 GC heap after
{Heap after GC invocations=64 (full 0):
 garbage-first heap   total 196608K, used 102243K [0x0000000080000000, 0x0000000100000000)
  region size 1024K, 1 young (1024K), 1 survivors (1024K)
 Metaspace       used 87249K, capacity 88498K, committed 88576K, reserved 1126400K
  class space    used 11124K, capacity 11474K, committed 11520K, reserved 1048576K
}
Event: 172.357 GC heap before
{Heap before GC invocations=64 (full 0):
 garbage-first heap   total 196608K, used 135011K [0x0000000080000000, 0x0000000100000000)
  region size 1024K, 35 young (35840K), 1 survivors (1024K)
 Metaspace       used 87978K, capacity 89246K, committed 89472K, reserved 1126400K
  class space    used 11231K, capacity 11572K, committed 11648K, reserved 1048576K
}
Event: 172.366 GC heap after
{Heap after GC invocations=65 (full 0):
 garbage-first heap   total 196608K, used 103267K [0x0000000080000000, 0x0000000100000000)
  region size 1024K, 2 young (2048K), 2 survivors (2048K)
 Metaspace       used 87978K, capacity 89246K, committed 89472K, reserved 1126400K
  class space    used 11231K, capacity 11572K, committed 11648K, reserved 1048576K
}
Event: 173.010 GC heap before
{Heap before GC invocations=66 (full 0):
 garbage-first heap   total 196608K, used 114531K [0x0000000080000000, 0x0000000100000000)
  region size 1024K, 10 young (10240K), 2 survivors (2048K)
 Metaspace       used 87988K, capacity 89246K, committed 89472K, reserved 1126400K
  class space    used 11231K, capacity 11572K, committed 11648K, reserved 1048576K
}
Event: 173.020 GC heap after
{Heap after GC invocations=67 (full 0):
 garbage-first heap   total 196608K, used 116314K [0x0000000080000000, 0x0000000100000000)
  region size 1024K, 8 young (8192K), 8 survivors (8192K)
 Metaspace       used 87988K, capacity 89246K, committed 89472K, reserved 1126400K
  class space    used 11231K, capacity 11572K, committed 11648K, reserved 1048576K
}
Event: 173.694 GC heap before
{Heap before GC invocations=68 (full 0):
 garbage-first heap   total 201728K, used 128602K [0x0000000080000000, 0x0000000100000000)
  region size 1024K, 13 young (13312K), 8 survivors (8192K)
 Metaspace       used 88077K, capacity 89310K, committed 89472K, reserved 1126400K
  class space    used 11239K, capacity 11572K, committed 11648K, reserved 1048576K
}
Event: 173.706 GC heap after
{Heap after GC invocations=69 (full 0):
 garbage-first heap   total 201728K, used 128958K [0x0000000080000000, 0x0000000100000000)
  region size 1024K, 4 young (4096K), 4 survivors (4096K)
 Metaspace       used 88077K, capacity 89310K, committed 89472K, reserved 1126400K
  class space    used 11239K, capacity 11572K, committed 11648K, reserved 1048576K
}
Event: 174.917 GC heap before
{Heap before GC invocations=70 (full 0):
 garbage-first heap   total 229376K, used 149438K [0x0000000080000000, 0x0000000100000000)
  region size 1024K, 23 young (23552K), 4 survivors (4096K)
 Metaspace       used 90009K, capacity 91331K, committed 91520K, reserved 1128448K
  class space    used 11514K, capacity 11873K, committed 11904K, reserved 1048576K
}
Event: 174.929 GC heap after
{Heap after GC invocations=71 (full 0):
 garbage-first heap   total 229376K, used 128056K [0x0000000080000000, 0x0000000100000000)
  region size 1024K, 3 young (3072K), 3 survivors (3072K)
 Metaspace       used 90009K, capacity 91331K, committed 91520K, reserved 1128448K
  class space    used 11514K, capacity 11873K, committed 11904K, reserved 1048576K
}
Event: 175.880 GC heap before
{Heap before GC invocations=72 (full 0):
 garbage-first heap   total 311296K, used 193592K [0x0000000080000000, 0x0000000100000000)
  region size 1024K, 39 young (39936K), 3 survivors (3072K)
 Metaspace       used 91225K, capacity 92594K, committed 92800K, reserved 1130496K
  class space    used 11656K, capacity 12038K, committed 12160K, reserved 1048576K
}
Event: 175.902 GC heap after
{Heap after GC invocations=73 (full 0):
 garbage-first heap   total 311296K, used 159329K [0x0000000080000000, 0x0000000100000000)
  region size 1024K, 5 young (5120K), 5 survivors (5120K)
 Metaspace       used 91225K, capacity 92594K, committed 92800K, reserved 1130496K
  class space    used 11656K, capacity 12038K, committed 12160K, reserved 1048576K
}
Event: 178.001 GC heap before
{Heap before GC invocations=73 (full 0):
 garbage-first heap   total 311296K, used 215649K [0x0000000080000000, 0x0000000100000000)
  region size 1024K, 62 young (63488K), 5 survivors (5120K)
 Metaspace       used 95346K, capacity 96643K, committed 96896K, reserved 1134592K
  class space    used 12297K, capacity 12662K, committed 12672K, reserved 1048576K
}
Event: 178.070 GC heap after
{Heap after GC invocations=74 (full 0):
 garbage-first heap   total 311296K, used 175318K [0x0000000080000000, 0x0000000100000000)
  region size 1024K, 8 young (8192K), 8 survivors (8192K)
 Metaspace       used 95346K, capacity 96643K, committed 96896K, reserved 1134592K
  class space    used 12297K, capacity 12662K, committed 12672K, reserved 1048576K
}
Event: 179.855 GC heap before
{Heap before GC invocations=75 (full 0):
 garbage-first heap   total 317440K, used 228566K [0x0000000080000000, 0x0000000100000000)
  region size 1024K, 59 young (60416K), 8 survivors (8192K)
 Metaspace       used 96339K, capacity 97667K, committed 97792K, reserved 1134592K
  class space    used 12357K, capacity 12726K, committed 12800K, reserved 1048576K
}
Event: 179.936 GC heap after
{Heap after GC invocations=76 (full 0):
 garbage-first heap   total 317440K, used 192269K [0x0000000080000000, 0x0000000100000000)
  region size 1024K, 8 young (8192K), 8 survivors (8192K)
 Metaspace       used 96339K, capacity 97667K, committed 97792K, reserved 1134592K
  class space    used 12357K, capacity 12726K, committed 12800K, reserved 1048576K
}
Event: 179.989 GC heap before
{Heap before GC invocations=76 (full 0):
 garbage-first heap   total 317440K, used 193293K [0x0000000080000000, 0x0000000100000000)
  region size 1024K, 10 young (10240K), 8 survivors (8192K)
 Metaspace       used 96358K, capacity 97731K, committed 98048K, reserved 1134592K
  class space    used 12358K, capacity 12726K, committed 12800K, reserved 1048576K
}
Event: 180.029 GC heap after
{Heap after GC invocations=77 (full 0):
 garbage-first heap   total 317440K, used 194490K [0x0000000080000000, 0x0000000100000000)
  region size 1024K, 2 young (2048K), 2 survivors (2048K)
 Metaspace       used 96358K, capacity 97731K, committed 98048K, reserved 1134592K
  class space    used 12358K, capacity 12726K, committed 12800K, reserved 1048576K
}

