# JRE version: Java(TM) SE Runtime Environment (15.0.1+9) (build 15.0.1+9-18)
# Java VM: Java HotSpot(TM) 64-Bit Server VM (15.0.1+9-18, mixed mode, sharing, tiered, compressed oops, g1 gc, windows-amd64)
GC Precious Log:
 CPUs: 4 total, 4 available
 Memory: 15274M
 Large Page Support: Disabled
 NUMA Support: Disabled
 Compressed Oops: Enabled (32-bit)
 Heap Region Size: 1M
 Heap Min Capacity: 8M
 Heap Initial Capacity: 240M
 Heap Max Capacity: 2G
 Pre-touch: Disabled
 Parallel Workers: 4
 Concurrent Workers: 1
 Concurrent Refinement Workers: 4
 Periodic GC: Disabled
Heap:
 garbage-first heap   total 319488K, used 188734K [0x0000000080000000, 0x0000000100000000)
  region size 1024K, 17 young (17408K), 7 survivors (7168K)
 Metaspace       used 76384K, capacity 77578K, committed 77696K, reserved 1116160K
  class space    used 9960K, capacity 10268K, committed 10368K, reserved 1048576K
GC Heap History (20 events):
Event: 75.012 GC heap before
{Heap before GC invocations=49 (full 0):
 garbage-first heap   total 142336K, used 109553K [0x0000000080000000, 0x0000000100000000)
  region size 1024K, 36 young (36864K), 3 survivors (3072K)
 Metaspace       used 66395K, capacity 67538K, committed 67712K, reserved 1107968K
  class space    used 8661K, capacity 8985K, committed 9088K, reserved 1048576K
}
Event: 75.023 GC heap after
{Heap after GC invocations=50 (full 0):
 garbage-first heap   total 142336K, used 78264K [0x0000000080000000, 0x0000000100000000)
  region size 1024K, 3 young (3072K), 3 survivors (3072K)
 Metaspace       used 66395K, capacity 67538K, committed 67712K, reserved 1107968K
  class space    used 8661K, capacity 8985K, committed 9088K, reserved 1048576K
}
Event: 77.329 GC heap before
{Heap before GC invocations=50 (full 0):
 garbage-first heap   total 142336K, used 118200K [0x0000000080000000, 0x0000000100000000)
  region size 1024K, 43 young (44032K), 3 survivors (3072K)
 Metaspace       used 66826K, capacity 68016K, committed 68224K, reserved 1107968K
  class space    used 8725K, capacity 9055K, committed 9088K, reserved 1048576K
}
Event: 77.343 GC heap after
{Heap after GC invocations=51 (full 0):
 garbage-first heap   total 142336K, used 79989K [0x0000000080000000, 0x0000000100000000)
  region size 1024K, 5 young (5120K), 5 survivors (5120K)
 Metaspace       used 66826K, capacity 68016K, committed 68224K, reserved 1107968K
  class space    used 8725K, capacity 9055K, committed 9088K, reserved 1048576K
}
Event: 78.264 GC heap before
{Heap before GC invocations=52 (full 0):
 garbage-first heap   total 142336K, used 93301K [0x0000000080000000, 0x0000000100000000)
  region size 1024K, 13 young (13312K), 5 survivors (5120K)
 Metaspace       used 68068K, capacity 69266K, committed 69504K, reserved 1110016K
  class space    used 8909K, capacity 9226K, committed 9344K, reserved 1048576K
}
Event: 78.278 GC heap after
{Heap after GC invocations=53 (full 0):
 garbage-first heap   total 142336K, used 80758K [0x0000000080000000, 0x0000000100000000)
  region size 1024K, 4 young (4096K), 4 survivors (4096K)
 Metaspace       used 68068K, capacity 69266K, committed 69504K, reserved 1110016K
  class space    used 8909K, capacity 9226K, committed 9344K, reserved 1048576K
}
Event: 78.985 GC heap before
{Heap before GC invocations=54 (full 0):
 garbage-first heap   total 165888K, used 103286K [0x0000000080000000, 0x0000000100000000)
  region size 1024K, 23 young (23552K), 4 survivors (4096K)
 Metaspace       used 69241K, capacity 70453K, committed 70656K, reserved 1110016K
  class space    used 9066K, capacity 9387K, committed 9472K, reserved 1048576K
}
Event: 79.004 GC heap after
{Heap after GC invocations=55 (full 0):
 garbage-first heap   total 165888K, used 94351K [0x0000000080000000, 0x0000000100000000)
  region size 1024K, 6 young (6144K), 6 survivors (6144K)
 Metaspace       used 69241K, capacity 70453K, committed 70656K, reserved 1110016K
  class space    used 9066K, capacity 9387K, committed 9472K, reserved 1048576K
}
Event: 79.910 GC heap before
{Heap before GC invocations=56 (full 0):
 garbage-first heap   total 178176K, used 119951K [0x0000000080000000, 0x0000000100000000)
  region size 1024K, 23 young (23552K), 6 survivors (6144K)
 Metaspace       used 70583K, capacity 71792K, committed 72064K, reserved 1112064K
  class space    used 9225K, capacity 9556K, committed 9600K, reserved 1048576K
}
Event: 79.930 GC heap after
{Heap after GC invocations=57 (full 0):
 garbage-first heap   total 178176K, used 111123K [0x0000000080000000, 0x0000000100000000)
  region size 1024K, 6 young (6144K), 6 survivors (6144K)
 Metaspace       used 70583K, capacity 71792K, committed 72064K, reserved 1112064K
  class space    used 9225K, capacity 9556K, committed 9600K, reserved 1048576K
}
Event: 80.498 GC heap before
{Heap before GC invocations=57 (full 0):
 garbage-first heap   total 240640K, used 170515K [0x0000000080000000, 0x0000000100000000)
  region size 1024K, 35 young (35840K), 6 survivors (6144K)
 Metaspace       used 70954K, capacity 72145K, committed 72320K, reserved 1112064K
  class space    used 9275K, capacity 9588K, committed 9600K, reserved 1048576K
}
Event: 80.523 GC heap after
{Heap after GC invocations=58 (full 0):
 garbage-first heap   total 240640K, used 141345K [0x0000000080000000, 0x0000000100000000)
  region size 1024K, 5 young (5120K), 5 survivors (5120K)
 Metaspace       used 70954K, capacity 72145K, committed 72320K, reserved 1112064K
  class space    used 9275K, capacity 9588K, committed 9600K, reserved 1048576K
}
Event: 82.754 GC heap before
{Heap before GC invocations=59 (full 0):
 garbage-first heap   total 240640K, used 184353K [0x0000000080000000, 0x0000000100000000)
  region size 1024K, 48 young (49152K), 5 survivors (5120K)
 Metaspace       used 75055K, capacity 76197K, committed 76288K, reserved 1116160K
  class space    used 9902K, capacity 10213K, committed 10240K, reserved 1048576K
}
Event: 82.803 GC heap after
{Heap after GC invocations=60 (full 0):
 garbage-first heap   total 240640K, used 153340K [0x0000000080000000, 0x0000000100000000)
  region size 1024K, 6 young (6144K), 6 survivors (6144K)
 Metaspace       used 75055K, capacity 76197K, committed 76288K, reserved 1116160K
  class space    used 9902K, capacity 10213K, committed 10240K, reserved 1048576K
}
Event: 83.267 GC heap before
{Heap before GC invocations=60 (full 0):
 garbage-first heap   total 240640K, used 165628K [0x0000000080000000, 0x0000000100000000)
  region size 1024K, 20 young (20480K), 6 survivors (6144K)
 Metaspace       used 75387K, capacity 76645K, committed 76928K, reserved 1116160K
  class space    used 9947K, capacity 10277K, committed 10368K, reserved 1048576K
}
Event: 83.310 GC heap after
{Heap after GC invocations=61 (full 0):
 garbage-first heap   total 240640K, used 159078K [0x0000000080000000, 0x0000000100000000)
  region size 1024K, 5 young (5120K), 5 survivors (5120K)
 Metaspace       used 75387K, capacity 76645K, committed 76928K, reserved 1116160K
  class space    used 9947K, capacity 10277K, committed 10368K, reserved 1048576K
}
Event: 84.667 GC heap before
{Heap before GC invocations=62 (full 0):
 garbage-first heap   total 281600K, used 188774K [0x0000000080000000, 0x0000000100000000)
  region size 1024K, 32 young (32768K), 5 survivors (5120K)
 Metaspace       used 75949K, capacity 77157K, committed 77440K, reserved 1116160K
  class space    used 9956K, capacity 10277K, committed 10368K, reserved 1048576K
}
Event: 84.734 GC heap after
{Heap after GC invocations=63 (full 0):
 garbage-first heap   total 281600K, used 168553K [0x0000000080000000, 0x0000000100000000)
  region size 1024K, 4 young (4096K), 4 survivors (4096K)
 Metaspace       used 75949K, capacity 77157K, committed 77440K, reserved 1116160K
  class space    used 9956K, capacity 10277K, committed 10368K, reserved 1048576K
}
Event: 85.822 GC heap before
{Heap before GC invocations=63 (full 0):
 garbage-first heap   total 281600K, used 191081K [0x0000000080000000, 0x0000000100000000)
  region size 1024K, 27 young (27648K), 4 survivors (4096K)
 Metaspace       used 76336K, capacity 77541K, committed 77696K, reserved 1116160K
  class space    used 9962K, capacity 10277K, committed 10368K, reserved 1048576K
}
Event: 85.882 GC heap after
{Heap after GC invocations=64 (full 0):
 garbage-first heap   total 281600K, used 176446K [0x0000000080000000, 0x0000000100000000)
  region size 1024K, 7 young (7168K), 7 survivors (7168K)
 Metaspace       used 76336K, capacity 77541K, committed 77696K, reserved 1116160K
  class space    used 9962K, capacity 10277K, committed 10368K, reserved 1048576K
}

